  [1m[35m (0.3ms)[0m  [1m[34mSELECT sqlite_version(*)[0m
  [1m[35m (41.3ms)[0m  [1m[35mCREATE TABLE "schema_migrations" ("version" varchar NOT NULL PRIMARY KEY)[0m
  [1m[35m (7.7ms)[0m  [1m[35mCREATE TABLE "ar_internal_metadata" ("key" varchar NOT NULL PRIMARY KEY, "value" varchar, "created_at" datetime NOT NULL, "updated_at" datetime NOT NULL)[0m
  [1m[35m (0.3ms)[0m  [1m[34mSELECT "schema_migrations"."version" FROM "schema_migrations" ORDER BY "schema_migrations"."version" ASC[0m
Migrating to CreateTeachers (20180307120729)
  [1m[35m (0.1ms)[0m  [1m[36mbegin transaction[0m
  [1m[35m (2.2ms)[0m  [1m[35mCREATE TABLE "teachers" ("id" INTEGER PRIMARY KEY AUTOINCREMENT NOT NULL, "first_name" varchar, "middle_name" varchar, "last_name" varchar, "title" varchar, "subject" varchar, "created_at" datetime NOT NULL, "updated_at" datetime NOT NULL)[0m
  [1m[35mSQL (0.3ms)[0m  [1m[32mINSERT INTO "schema_migrations" ("version") VALUES (?)[0m  [["version", "20180307120729"]]
  [1m[35m (32.7ms)[0m  [1m[36mcommit transaction[0m
  [1m[36mActiveRecord::InternalMetadata Load (0.4ms)[0m  [1m[34mSELECT  "ar_internal_metadata".* FROM "ar_internal_metadata" WHERE "ar_internal_metadata"."key" = ? LIMIT ?[0m  [["key", "environment"], ["LIMIT", 1]]
  [1m[35m (0.1ms)[0m  [1m[36mbegin transaction[0m
  [1m[35mSQL (2.1ms)[0m  [1m[32mINSERT INTO "ar_internal_metadata" ("key", "value", "created_at", "updated_at") VALUES (?, ?, ?, ?)[0m  [["key", "environment"], ["value", "development"], ["created_at", "2018-03-07 12:08:30.517761"], ["updated_at", "2018-03-07 12:08:30.517761"]]
  [1m[35m (6.2ms)[0m  [1m[36mcommit transaction[0m
  [1m[35m (0.3ms)[0m  [1m[34mSELECT "schema_migrations"."version" FROM "schema_migrations" ORDER BY "schema_migrations"."version" ASC[0m
Started GET "/" for 127.0.0.1 at 2018-03-07 04:10:12 -0800
  [1m[35m (1.9ms)[0m  [1m[34mSELECT "schema_migrations"."version" FROM "schema_migrations" ORDER BY "schema_migrations"."version" ASC[0m
Processing by Rails::WelcomeController#index as HTML
  Rendering /home/roberta/.rvm/gems/ruby-2.4.1/gems/railties-5.1.5/lib/rails/templates/rails/welcome/index.html.erb
  Rendered /home/roberta/.rvm/gems/ruby-2.4.1/gems/railties-5.1.5/lib/rails/templates/rails/welcome/index.html.erb (7.3ms)
Completed 200 OK in 97ms (Views: 48.2ms | ActiveRecord: 0.0ms)


Started GET "/teachers" for 127.0.0.1 at 2018-03-07 04:10:22 -0800
Processing by TeachersController#index as HTML
  Rendering teachers/index.html.erb within layouts/application
  [1m[36mTeacher Load (0.5ms)[0m  [1m[34mSELECT "teachers".* FROM "teachers"[0m
  Rendered teachers/index.html.erb within layouts/application (24.6ms)
Completed 200 OK in 2676ms (Views: 2633.0ms | ActiveRecord: 3.9ms)


  [1m[35m (0.5ms)[0m  [1m[34mSELECT "schema_migrations"."version" FROM "schema_migrations" ORDER BY "schema_migrations"."version" ASC[0m
Migrating to CreateSubjects (20180307121632)
  [1m[35m (0.2ms)[0m  [1m[36mbegin transaction[0m
  [1m[35m (0.3ms)[0m  [1m[34mSELECT sqlite_version(*)[0m
  [1m[35m (4.4ms)[0m  [1m[35mCREATE TABLE "subjects" ("id" INTEGER PRIMARY KEY AUTOINCREMENT NOT NULL, "subject_name" varchar, "teacher_id" integer, "created_at" datetime NOT NULL, "updated_at" datetime NOT NULL)[0m
  [1m[35mSQL (0.4ms)[0m  [1m[32mINSERT INTO "schema_migrations" ("version") VALUES (?)[0m  [["version", "20180307121632"]]
  [1m[35m (7.9ms)[0m  [1m[36mcommit transaction[0m
  [1m[36mActiveRecord::InternalMetadata Load (0.5ms)[0m  [1m[34mSELECT  "ar_internal_metadata".* FROM "ar_internal_metadata" WHERE "ar_internal_metadata"."key" = ? LIMIT ?[0m  [["key", "environment"], ["LIMIT", 1]]
  [1m[35m (0.1ms)[0m  [1m[36mbegin transaction[0m
  [1m[35m (0.1ms)[0m  [1m[36mcommit transaction[0m
  [1m[35m (0.3ms)[0m  [1m[34mSELECT "schema_migrations"."version" FROM "schema_migrations" ORDER BY "schema_migrations"."version" ASC[0m
Started GET "/teachers" for 127.0.0.1 at 2018-03-07 04:17:50 -0800
  [1m[35m (2.9ms)[0m  [1m[34mSELECT "schema_migrations"."version" FROM "schema_migrations" ORDER BY "schema_migrations"."version" ASC[0m
Processing by TeachersController#index as HTML
  Rendering teachers/index.html.erb within layouts/application
  [1m[36mTeacher Load (0.6ms)[0m  [1m[34mSELECT "teachers".* FROM "teachers"[0m
  Rendered teachers/index.html.erb within layouts/application (41.0ms)
Completed 200 OK in 2116ms (Views: 2052.5ms | ActiveRecord: 10.2ms)


Started GET "/subjects" for 127.0.0.1 at 2018-03-07 04:18:07 -0800
Processing by SubjectsController#index as HTML
  Rendering subjects/index.html.erb within layouts/application
  [1m[36mSubject Load (0.6ms)[0m  [1m[34mSELECT "subjects".* FROM "subjects"[0m
  Rendered subjects/index.html.erb within layouts/application (37.9ms)
Completed 200 OK in 237ms (Views: 211.3ms | ActiveRecord: 3.2ms)


