Started GET "/products" for 127.0.0.1 at 2018-03-06 14:52:18 +0200
  
ActionController::RoutingError (No route matches [GET] "/products"):
  
actionpack (5.1.5) lib/action_dispatch/middleware/debug_exceptions.rb:63:in `call'
web-console (3.5.1) lib/web_console/middleware.rb:135:in `call_app'
web-console (3.5.1) lib/web_console/middleware.rb:28:in `block in call'
web-console (3.5.1) lib/web_console/middleware.rb:18:in `catch'
web-console (3.5.1) lib/web_console/middleware.rb:18:in `call'
actionpack (5.1.5) lib/action_dispatch/middleware/show_exceptions.rb:31:in `call'
railties (5.1.5) lib/rails/rack/logger.rb:36:in `call_app'
railties (5.1.5) lib/rails/rack/logger.rb:24:in `block in call'
activesupport (5.1.5) lib/active_support/tagged_logging.rb:69:in `block in tagged'
activesupport (5.1.5) lib/active_support/tagged_logging.rb:26:in `tagged'
activesupport (5.1.5) lib/active_support/tagged_logging.rb:69:in `tagged'
railties (5.1.5) lib/rails/rack/logger.rb:24:in `call'
sprockets-rails (3.2.1) lib/sprockets/rails/quiet_assets.rb:13:in `call'
actionpack (5.1.5) lib/action_dispatch/middleware/remote_ip.rb:79:in `call'
actionpack (5.1.5) lib/action_dispatch/middleware/request_id.rb:25:in `call'
rack (2.0.4) lib/rack/method_override.rb:22:in `call'
rack (2.0.4) lib/rack/runtime.rb:22:in `call'
activesupport (5.1.5) lib/active_support/cache/strategy/local_cache_middleware.rb:27:in `call'
actionpack (5.1.5) lib/action_dispatch/middleware/executor.rb:12:in `call'
actionpack (5.1.5) lib/action_dispatch/middleware/static.rb:125:in `call'
rack (2.0.4) lib/rack/sendfile.rb:111:in `call'
railties (5.1.5) lib/rails/engine.rb:522:in `call'
puma (3.11.3) lib/puma/configuration.rb:225:in `call'
puma (3.11.3) lib/puma/server.rb:624:in `handle_request'
puma (3.11.3) lib/puma/server.rb:438:in `process_client'
puma (3.11.3) lib/puma/server.rb:302:in `block in run'
puma (3.11.3) lib/puma/thread_pool.rb:120:in `block in spawn_thread'
Started GET "/" for 127.0.0.1 at 2018-03-06 14:52:28 +0200
Processing by Rails::WelcomeController#index as HTML
  Rendering /home/elsyser/.rvm/gems/ruby-2.4.1/gems/railties-5.1.5/lib/rails/templates/rails/welcome/index.html.erb
  Rendered /home/elsyser/.rvm/gems/ruby-2.4.1/gems/railties-5.1.5/lib/rails/templates/rails/welcome/index.html.erb (2.7ms)
Completed 200 OK in 237ms (Views: 4.3ms)


  [1m[35m (0.1ms)[0m  [1m[34mSELECT sqlite_version(*)[0m
  [1m[35m (61.7ms)[0m  [1m[35mCREATE TABLE "schema_migrations" ("version" varchar NOT NULL PRIMARY KEY)[0m
  [1m[35m (59.4ms)[0m  [1m[35mCREATE TABLE "ar_internal_metadata" ("key" varchar NOT NULL PRIMARY KEY, "value" varchar, "created_at" datetime NOT NULL, "updated_at" datetime NOT NULL)[0m
  [1m[35m (0.1ms)[0m  [1m[34mSELECT "schema_migrations"."version" FROM "schema_migrations" ORDER BY "schema_migrations"."version" ASC[0m
Migrating to CreateProcessA19s (20180306131341)
  [1m[35m (0.1ms)[0m  [1m[36mbegin transaction[0m
  [1m[35m (0.1ms)[0m  [1m[31mrollback transaction[0m
  [1m[35m (0.4ms)[0m  [1m[34mSELECT "schema_migrations"."version" FROM "schema_migrations" ORDER BY "schema_migrations"."version" ASC[0m
Migrating to CreateProcessA19s (20180306131341)
  [1m[35m (0.1ms)[0m  [1m[36mbegin transaction[0m
  [1m[35m (0.1ms)[0m  [1m[31mrollback transaction[0m
  [1m[35m (0.1ms)[0m  [1m[34mSELECT "schema_migrations"."version" FROM "schema_migrations" ORDER BY "schema_migrations"."version" ASC[0m
Migrating to CreateProcessA19s (20180306131457)
  [1m[35m (0.1ms)[0m  [1m[36mbegin transaction[0m
  [1m[35m (0.1ms)[0m  [1m[34mSELECT sqlite_version(*)[0m
  [1m[35m (1.4ms)[0m  [1m[35mCREATE TABLE "process_a_19s" ("id" INTEGER PRIMARY KEY AUTOINCREMENT NOT NULL, "name" text, "id_A" integer, "created_at" datetime NOT NULL, "updated_at" datetime NOT NULL)[0m
  [1m[35mSQL (0.1ms)[0m  [1m[32mINSERT INTO "schema_migrations" ("version") VALUES (?)[0m  [["version", "20180306131457"]]
  [1m[35m (63.3ms)[0m  [1m[36mcommit transaction[0m
  [1m[36mActiveRecord::InternalMetadata Load (0.2ms)[0m  [1m[34mSELECT  "ar_internal_metadata".* FROM "ar_internal_metadata" WHERE "ar_internal_metadata"."key" = ? LIMIT ?[0m  [["key", "environment"], ["LIMIT", 1]]
  [1m[35m (0.1ms)[0m  [1m[36mbegin transaction[0m
  [1m[35mSQL (0.3ms)[0m  [1m[32mINSERT INTO "ar_internal_metadata" ("key", "value", "created_at", "updated_at") VALUES (?, ?, ?, ?)[0m  [["key", "environment"], ["value", "development"], ["created_at", "2018-03-06 13:15:08.294988"], ["updated_at", "2018-03-06 13:15:08.294988"]]
  [1m[35m (48.8ms)[0m  [1m[36mcommit transaction[0m
  [1m[35m (0.2ms)[0m  [1m[34mSELECT "schema_migrations"."version" FROM "schema_migrations" ORDER BY "schema_migrations"."version" ASC[0m
Started GET "/" for 127.0.0.1 at 2018-03-06 15:24:59 +0200
  [1m[35m (0.1ms)[0m  [1m[34mSELECT "schema_migrations"."version" FROM "schema_migrations" ORDER BY "schema_migrations"."version" ASC[0m
Processing by Rails::WelcomeController#index as HTML
  Rendering /home/elsyser/.rvm/gems/ruby-2.4.1/gems/railties-5.1.5/lib/rails/templates/rails/welcome/index.html.erb
  Rendered /home/elsyser/.rvm/gems/ruby-2.4.1/gems/railties-5.1.5/lib/rails/templates/rails/welcome/index.html.erb (3.0ms)
Completed 200 OK in 18ms (Views: 6.1ms | ActiveRecord: 0.0ms)


Started GET "/process_a_19" for 127.0.0.1 at 2018-03-06 15:25:09 +0200
  
ActionController::RoutingError (uninitialized constant ProcessA19Controller):
  
activesupport (5.1.5) lib/active_support/inflector/methods.rb:269:in `const_get'
activesupport (5.1.5) lib/active_support/inflector/methods.rb:269:in `block in constantize'
activesupport (5.1.5) lib/active_support/inflector/methods.rb:267:in `each'
activesupport (5.1.5) lib/active_support/inflector/methods.rb:267:in `inject'
activesupport (5.1.5) lib/active_support/inflector/methods.rb:267:in `constantize'
actionpack (5.1.5) lib/action_dispatch/http/request.rb:85:in `controller_class_for'
actionpack (5.1.5) lib/action_dispatch/http/request.rb:78:in `controller_class'
actionpack (5.1.5) lib/action_dispatch/routing/route_set.rb:43:in `controller'
actionpack (5.1.5) lib/action_dispatch/routing/route_set.rb:29:in `serve'
actionpack (5.1.5) lib/action_dispatch/journey/router.rb:50:in `block in serve'
actionpack (5.1.5) lib/action_dispatch/journey/router.rb:33:in `each'
actionpack (5.1.5) lib/action_dispatch/journey/router.rb:33:in `serve'
actionpack (5.1.5) lib/action_dispatch/routing/route_set.rb:844:in `call'
rack (2.0.4) lib/rack/etag.rb:25:in `call'
rack (2.0.4) lib/rack/conditional_get.rb:25:in `call'
rack (2.0.4) lib/rack/head.rb:12:in `call'
rack (2.0.4) lib/rack/session/abstract/id.rb:232:in `context'
rack (2.0.4) lib/rack/session/abstract/id.rb:226:in `call'
actionpack (5.1.5) lib/action_dispatch/middleware/cookies.rb:613:in `call'
activerecord (5.1.5) lib/active_record/migration.rb:556:in `call'
actionpack (5.1.5) lib/action_dispatch/middleware/callbacks.rb:26:in `block in call'
activesupport (5.1.5) lib/active_support/callbacks.rb:97:in `run_callbacks'
actionpack (5.1.5) lib/action_dispatch/middleware/callbacks.rb:24:in `call'
actionpack (5.1.5) lib/action_dispatch/middleware/executor.rb:12:in `call'
actionpack (5.1.5) lib/action_dispatch/middleware/debug_exceptions.rb:59:in `call'
web-console (3.5.1) lib/web_console/middleware.rb:135:in `call_app'
web-console (3.5.1) lib/web_console/middleware.rb:28:in `block in call'
web-console (3.5.1) lib/web_console/middleware.rb:18:in `catch'
web-console (3.5.1) lib/web_console/middleware.rb:18:in `call'
actionpack (5.1.5) lib/action_dispatch/middleware/show_exceptions.rb:31:in `call'
railties (5.1.5) lib/rails/rack/logger.rb:36:in `call_app'
railties (5.1.5) lib/rails/rack/logger.rb:24:in `block in call'
activesupport (5.1.5) lib/active_support/tagged_logging.rb:69:in `block in tagged'
activesupport (5.1.5) lib/active_support/tagged_logging.rb:26:in `tagged'
activesupport (5.1.5) lib/active_support/tagged_logging.rb:69:in `tagged'
railties (5.1.5) lib/rails/rack/logger.rb:24:in `call'
sprockets-rails (3.2.1) lib/sprockets/rails/quiet_assets.rb:13:in `call'
actionpack (5.1.5) lib/action_dispatch/middleware/remote_ip.rb:79:in `call'
actionpack (5.1.5) lib/action_dispatch/middleware/request_id.rb:25:in `call'
rack (2.0.4) lib/rack/method_override.rb:22:in `call'
rack (2.0.4) lib/rack/runtime.rb:22:in `call'
activesupport (5.1.5) lib/active_support/cache/strategy/local_cache_middleware.rb:27:in `call'
actionpack (5.1.5) lib/action_dispatch/middleware/executor.rb:12:in `call'
actionpack (5.1.5) lib/action_dispatch/middleware/static.rb:125:in `call'
rack (2.0.4) lib/rack/sendfile.rb:111:in `call'
railties (5.1.5) lib/rails/engine.rb:522:in `call'
puma (3.11.3) lib/puma/configuration.rb:225:in `call'
puma (3.11.3) lib/puma/server.rb:624:in `handle_request'
puma (3.11.3) lib/puma/server.rb:438:in `process_client'
puma (3.11.3) lib/puma/server.rb:302:in `block in run'
puma (3.11.3) lib/puma/thread_pool.rb:120:in `block in spawn_thread'
Started GET "/process_a_19" for 127.0.0.1 at 2018-03-06 15:26:32 +0200
  
ActionController::RoutingError (uninitialized constant ProcessA19Controller):
  
activesupport (5.1.5) lib/active_support/inflector/methods.rb:269:in `const_get'
activesupport (5.1.5) lib/active_support/inflector/methods.rb:269:in `block in constantize'
activesupport (5.1.5) lib/active_support/inflector/methods.rb:267:in `each'
activesupport (5.1.5) lib/active_support/inflector/methods.rb:267:in `inject'
activesupport (5.1.5) lib/active_support/inflector/methods.rb:267:in `constantize'
actionpack (5.1.5) lib/action_dispatch/http/request.rb:85:in `controller_class_for'
actionpack (5.1.5) lib/action_dispatch/http/request.rb:78:in `controller_class'
actionpack (5.1.5) lib/action_dispatch/routing/route_set.rb:43:in `controller'
actionpack (5.1.5) lib/action_dispatch/routing/route_set.rb:29:in `serve'
actionpack (5.1.5) lib/action_dispatch/journey/router.rb:50:in `block in serve'
actionpack (5.1.5) lib/action_dispatch/journey/router.rb:33:in `each'
actionpack (5.1.5) lib/action_dispatch/journey/router.rb:33:in `serve'
actionpack (5.1.5) lib/action_dispatch/routing/route_set.rb:844:in `call'
rack (2.0.4) lib/rack/etag.rb:25:in `call'
rack (2.0.4) lib/rack/conditional_get.rb:25:in `call'
rack (2.0.4) lib/rack/head.rb:12:in `call'
rack (2.0.4) lib/rack/session/abstract/id.rb:232:in `context'
rack (2.0.4) lib/rack/session/abstract/id.rb:226:in `call'
actionpack (5.1.5) lib/action_dispatch/middleware/cookies.rb:613:in `call'
activerecord (5.1.5) lib/active_record/migration.rb:556:in `call'
actionpack (5.1.5) lib/action_dispatch/middleware/callbacks.rb:26:in `block in call'
activesupport (5.1.5) lib/active_support/callbacks.rb:97:in `run_callbacks'
actionpack (5.1.5) lib/action_dispatch/middleware/callbacks.rb:24:in `call'
actionpack (5.1.5) lib/action_dispatch/middleware/executor.rb:12:in `call'
actionpack (5.1.5) lib/action_dispatch/middleware/debug_exceptions.rb:59:in `call'
web-console (3.5.1) lib/web_console/middleware.rb:135:in `call_app'
web-console (3.5.1) lib/web_console/middleware.rb:28:in `block in call'
web-console (3.5.1) lib/web_console/middleware.rb:18:in `catch'
web-console (3.5.1) lib/web_console/middleware.rb:18:in `call'
actionpack (5.1.5) lib/action_dispatch/middleware/show_exceptions.rb:31:in `call'
railties (5.1.5) lib/rails/rack/logger.rb:36:in `call_app'
railties (5.1.5) lib/rails/rack/logger.rb:24:in `block in call'
activesupport (5.1.5) lib/active_support/tagged_logging.rb:69:in `block in tagged'
activesupport (5.1.5) lib/active_support/tagged_logging.rb:26:in `tagged'
activesupport (5.1.5) lib/active_support/tagged_logging.rb:69:in `tagged'
railties (5.1.5) lib/rails/rack/logger.rb:24:in `call'
sprockets-rails (3.2.1) lib/sprockets/rails/quiet_assets.rb:13:in `call'
actionpack (5.1.5) lib/action_dispatch/middleware/remote_ip.rb:79:in `call'
actionpack (5.1.5) lib/action_dispatch/middleware/request_id.rb:25:in `call'
rack (2.0.4) lib/rack/method_override.rb:22:in `call'
rack (2.0.4) lib/rack/runtime.rb:22:in `call'
activesupport (5.1.5) lib/active_support/cache/strategy/local_cache_middleware.rb:27:in `call'
actionpack (5.1.5) lib/action_dispatch/middleware/executor.rb:12:in `call'
actionpack (5.1.5) lib/action_dispatch/middleware/static.rb:125:in `call'
rack (2.0.4) lib/rack/sendfile.rb:111:in `call'
railties (5.1.5) lib/rails/engine.rb:522:in `call'
puma (3.11.3) lib/puma/configuration.rb:225:in `call'
puma (3.11.3) lib/puma/server.rb:624:in `handle_request'
puma (3.11.3) lib/puma/server.rb:438:in `process_client'
puma (3.11.3) lib/puma/server.rb:302:in `block in run'
puma (3.11.3) lib/puma/thread_pool.rb:120:in `block in spawn_thread'
Started GET "/processa19" for 127.0.0.1 at 2018-03-06 15:26:49 +0200
  
ActionController::RoutingError (No route matches [GET] "/processa19"):
  
actionpack (5.1.5) lib/action_dispatch/middleware/debug_exceptions.rb:63:in `call'
web-console (3.5.1) lib/web_console/middleware.rb:135:in `call_app'
web-console (3.5.1) lib/web_console/middleware.rb:28:in `block in call'
web-console (3.5.1) lib/web_console/middleware.rb:18:in `catch'
web-console (3.5.1) lib/web_console/middleware.rb:18:in `call'
actionpack (5.1.5) lib/action_dispatch/middleware/show_exceptions.rb:31:in `call'
railties (5.1.5) lib/rails/rack/logger.rb:36:in `call_app'
railties (5.1.5) lib/rails/rack/logger.rb:24:in `block in call'
activesupport (5.1.5) lib/active_support/tagged_logging.rb:69:in `block in tagged'
activesupport (5.1.5) lib/active_support/tagged_logging.rb:26:in `tagged'
activesupport (5.1.5) lib/active_support/tagged_logging.rb:69:in `tagged'
railties (5.1.5) lib/rails/rack/logger.rb:24:in `call'
sprockets-rails (3.2.1) lib/sprockets/rails/quiet_assets.rb:13:in `call'
actionpack (5.1.5) lib/action_dispatch/middleware/remote_ip.rb:79:in `call'
actionpack (5.1.5) lib/action_dispatch/middleware/request_id.rb:25:in `call'
rack (2.0.4) lib/rack/method_override.rb:22:in `call'
rack (2.0.4) lib/rack/runtime.rb:22:in `call'
activesupport (5.1.5) lib/active_support/cache/strategy/local_cache_middleware.rb:27:in `call'
actionpack (5.1.5) lib/action_dispatch/middleware/executor.rb:12:in `call'
actionpack (5.1.5) lib/action_dispatch/middleware/static.rb:125:in `call'
rack (2.0.4) lib/rack/sendfile.rb:111:in `call'
railties (5.1.5) lib/rails/engine.rb:522:in `call'
puma (3.11.3) lib/puma/configuration.rb:225:in `call'
puma (3.11.3) lib/puma/server.rb:624:in `handle_request'
puma (3.11.3) lib/puma/server.rb:438:in `process_client'
puma (3.11.3) lib/puma/server.rb:302:in `block in run'
puma (3.11.3) lib/puma/thread_pool.rb:120:in `block in spawn_thread'
Started GET "/process_a_19" for 127.0.0.1 at 2018-03-06 15:26:58 +0200
  
ActionController::RoutingError (uninitialized constant ProcessA19Controller):
  
activesupport (5.1.5) lib/active_support/inflector/methods.rb:269:in `const_get'
activesupport (5.1.5) lib/active_support/inflector/methods.rb:269:in `block in constantize'
activesupport (5.1.5) lib/active_support/inflector/methods.rb:267:in `each'
activesupport (5.1.5) lib/active_support/inflector/methods.rb:267:in `inject'
activesupport (5.1.5) lib/active_support/inflector/methods.rb:267:in `constantize'
actionpack (5.1.5) lib/action_dispatch/http/request.rb:85:in `controller_class_for'
actionpack (5.1.5) lib/action_dispatch/http/request.rb:78:in `controller_class'
actionpack (5.1.5) lib/action_dispatch/routing/route_set.rb:43:in `controller'
actionpack (5.1.5) lib/action_dispatch/routing/route_set.rb:29:in `serve'
actionpack (5.1.5) lib/action_dispatch/journey/router.rb:50:in `block in serve'
actionpack (5.1.5) lib/action_dispatch/journey/router.rb:33:in `each'
actionpack (5.1.5) lib/action_dispatch/journey/router.rb:33:in `serve'
actionpack (5.1.5) lib/action_dispatch/routing/route_set.rb:844:in `call'
rack (2.0.4) lib/rack/etag.rb:25:in `call'
rack (2.0.4) lib/rack/conditional_get.rb:25:in `call'
rack (2.0.4) lib/rack/head.rb:12:in `call'
rack (2.0.4) lib/rack/session/abstract/id.rb:232:in `context'
rack (2.0.4) lib/rack/session/abstract/id.rb:226:in `call'
actionpack (5.1.5) lib/action_dispatch/middleware/cookies.rb:613:in `call'
activerecord (5.1.5) lib/active_record/migration.rb:556:in `call'
actionpack (5.1.5) lib/action_dispatch/middleware/callbacks.rb:26:in `block in call'
activesupport (5.1.5) lib/active_support/callbacks.rb:97:in `run_callbacks'
actionpack (5.1.5) lib/action_dispatch/middleware/callbacks.rb:24:in `call'
actionpack (5.1.5) lib/action_dispatch/middleware/executor.rb:12:in `call'
actionpack (5.1.5) lib/action_dispatch/middleware/debug_exceptions.rb:59:in `call'
web-console (3.5.1) lib/web_console/middleware.rb:135:in `call_app'
web-console (3.5.1) lib/web_console/middleware.rb:28:in `block in call'
web-console (3.5.1) lib/web_console/middleware.rb:18:in `catch'
web-console (3.5.1) lib/web_console/middleware.rb:18:in `call'
actionpack (5.1.5) lib/action_dispatch/middleware/show_exceptions.rb:31:in `call'
railties (5.1.5) lib/rails/rack/logger.rb:36:in `call_app'
railties (5.1.5) lib/rails/rack/logger.rb:24:in `block in call'
activesupport (5.1.5) lib/active_support/tagged_logging.rb:69:in `block in tagged'
activesupport (5.1.5) lib/active_support/tagged_logging.rb:26:in `tagged'
activesupport (5.1.5) lib/active_support/tagged_logging.rb:69:in `tagged'
railties (5.1.5) lib/rails/rack/logger.rb:24:in `call'
sprockets-rails (3.2.1) lib/sprockets/rails/quiet_assets.rb:13:in `call'
actionpack (5.1.5) lib/action_dispatch/middleware/remote_ip.rb:79:in `call'
actionpack (5.1.5) lib/action_dispatch/middleware/request_id.rb:25:in `call'
rack (2.0.4) lib/rack/method_override.rb:22:in `call'
rack (2.0.4) lib/rack/runtime.rb:22:in `call'
activesupport (5.1.5) lib/active_support/cache/strategy/local_cache_middleware.rb:27:in `call'
actionpack (5.1.5) lib/action_dispatch/middleware/executor.rb:12:in `call'
actionpack (5.1.5) lib/action_dispatch/middleware/static.rb:125:in `call'
rack (2.0.4) lib/rack/sendfile.rb:111:in `call'
railties (5.1.5) lib/rails/engine.rb:522:in `call'
puma (3.11.3) lib/puma/configuration.rb:225:in `call'
puma (3.11.3) lib/puma/server.rb:624:in `handle_request'
puma (3.11.3) lib/puma/server.rb:438:in `process_client'
puma (3.11.3) lib/puma/server.rb:302:in `block in run'
puma (3.11.3) lib/puma/thread_pool.rb:120:in `block in spawn_thread'
Started GET "/process_a_19" for 127.0.0.1 at 2018-03-06 15:33:26 +0200
  [1m[35m (0.1ms)[0m  [1m[34mSELECT "schema_migrations"."version" FROM "schema_migrations" ORDER BY "schema_migrations"."version" ASC[0m
  
ActiveRecord::PendingMigrationError (

Migrations are pending. To resolve this issue, run:

        bin/rails db:migrate RAILS_ENV=development

):
  
activerecord (5.1.5) lib/active_record/migration.rb:576:in `check_pending!'
activerecord (5.1.5) lib/active_record/migration.rb:553:in `call'
actionpack (5.1.5) lib/action_dispatch/middleware/callbacks.rb:26:in `block in call'
activesupport (5.1.5) lib/active_support/callbacks.rb:97:in `run_callbacks'
actionpack (5.1.5) lib/action_dispatch/middleware/callbacks.rb:24:in `call'
actionpack (5.1.5) lib/action_dispatch/middleware/executor.rb:12:in `call'
actionpack (5.1.5) lib/action_dispatch/middleware/debug_exceptions.rb:59:in `call'
web-console (3.5.1) lib/web_console/middleware.rb:135:in `call_app'
web-console (3.5.1) lib/web_console/middleware.rb:28:in `block in call'
web-console (3.5.1) lib/web_console/middleware.rb:18:in `catch'
web-console (3.5.1) lib/web_console/middleware.rb:18:in `call'
actionpack (5.1.5) lib/action_dispatch/middleware/show_exceptions.rb:31:in `call'
railties (5.1.5) lib/rails/rack/logger.rb:36:in `call_app'
railties (5.1.5) lib/rails/rack/logger.rb:24:in `block in call'
activesupport (5.1.5) lib/active_support/tagged_logging.rb:69:in `block in tagged'
activesupport (5.1.5) lib/active_support/tagged_logging.rb:26:in `tagged'
activesupport (5.1.5) lib/active_support/tagged_logging.rb:69:in `tagged'
railties (5.1.5) lib/rails/rack/logger.rb:24:in `call'
sprockets-rails (3.2.1) lib/sprockets/rails/quiet_assets.rb:13:in `call'
actionpack (5.1.5) lib/action_dispatch/middleware/remote_ip.rb:79:in `call'
actionpack (5.1.5) lib/action_dispatch/middleware/request_id.rb:25:in `call'
rack (2.0.4) lib/rack/method_override.rb:22:in `call'
rack (2.0.4) lib/rack/runtime.rb:22:in `call'
activesupport (5.1.5) lib/active_support/cache/strategy/local_cache_middleware.rb:27:in `call'
actionpack (5.1.5) lib/action_dispatch/middleware/executor.rb:12:in `call'
actionpack (5.1.5) lib/action_dispatch/middleware/static.rb:125:in `call'
rack (2.0.4) lib/rack/sendfile.rb:111:in `call'
railties (5.1.5) lib/rails/engine.rb:522:in `call'
puma (3.11.3) lib/puma/configuration.rb:225:in `call'
puma (3.11.3) lib/puma/server.rb:624:in `handle_request'
puma (3.11.3) lib/puma/server.rb:438:in `process_client'
puma (3.11.3) lib/puma/server.rb:302:in `block in run'
puma (3.11.3) lib/puma/thread_pool.rb:120:in `block in spawn_thread'
  [1m[35m (0.2ms)[0m  [1m[34mSELECT "schema_migrations"."version" FROM "schema_migrations" ORDER BY "schema_migrations"."version" ASC[0m
  [1m[35m (0.1ms)[0m  [1m[34mSELECT "schema_migrations"."version" FROM "schema_migrations" ORDER BY "schema_migrations"."version" ASC[0m
