  [1m[35m (163.8ms)[0m  [1m[35mCREATE TABLE "schema_migrations" ("version" varchar NOT NULL PRIMARY KEY)[0m
  [1m[35m (5.7ms)[0m  [1m[35mCREATE TABLE "ar_internal_metadata" ("key" varchar NOT NULL PRIMARY KEY, "value" varchar, "created_at" datetime NOT NULL, "updated_at" datetime NOT NULL)[0m
  [1m[36mActiveRecord::SchemaMigration Load (0.3ms)[0m  [1m[34mSELECT "schema_migrations".* FROM "schema_migrations"[0m
Migrating to CreateArticle (20180416095526)
  [1m[35m (0.1ms)[0m  [1m[36mbegin transaction[0m
  [1m[35m (0.8ms)[0m  [1m[35mCREATE TABLE "articles" ("id" INTEGER PRIMARY KEY AUTOINCREMENT NOT NULL, "created_at" datetime NOT NULL, "updated_at" datetime NOT NULL, "title" varchar, "body" text, "picture" varchar)[0m
  [1m[35mSQL (0.4ms)[0m  [1m[32mINSERT INTO "schema_migrations" ("version") VALUES (?)[0m  [["version", "20180416095526"]]
  [1m[35m (8.2ms)[0m  [1m[36mcommit transaction[0m
  [1m[36mActiveRecord::InternalMetadata Load (0.5ms)[0m  [1m[34mSELECT  "ar_internal_metadata".* FROM "ar_internal_metadata" WHERE "ar_internal_metadata"."key" = ? LIMIT ?[0m  [["key", "environment"], ["LIMIT", 1]]
  [1m[35m (0.2ms)[0m  [1m[36mbegin transaction[0m
  [1m[35mSQL (0.6ms)[0m  [1m[32mINSERT INTO "ar_internal_metadata" ("key", "value", "created_at", "updated_at") VALUES (?, ?, ?, ?)[0m  [["key", "environment"], ["value", "development"], ["created_at", "2018-04-17 13:22:34.543903"], ["updated_at", "2018-04-17 13:22:34.543903"]]
  [1m[35m (4.3ms)[0m  [1m[36mcommit transaction[0m
  [1m[36mActiveRecord::SchemaMigration Load (0.5ms)[0m  [1m[34mSELECT "schema_migrations".* FROM "schema_migrations"[0m
Started GET "/" for 127.0.0.1 at 2018-04-17 16:23:13 +0300
  [1m[36mActiveRecord::SchemaMigration Load (0.6ms)[0m  [1m[34mSELECT "schema_migrations".* FROM "schema_migrations"[0m
Processing by WelcomeController#index as HTML
  Rendering welcome/index.html.erb within layouts/application
  Rendered welcome/index.html.erb within layouts/application (3.5ms)
Completed 200 OK in 1989ms (Views: 1958.4ms | ActiveRecord: 0.0ms)


Started GET "/" for 127.0.0.1 at 2018-04-17 16:29:12 +0300
  [1m[36mActiveRecord::SchemaMigration Load (0.4ms)[0m  [1m[34mSELECT "schema_migrations".* FROM "schema_migrations"[0m
Processing by WelcomeController#index as HTML
  Rendering welcome/index.html.erb within layouts/application
  Rendered welcome/index.html.erb within layouts/application (3.8ms)
Started GET "/" for 127.0.0.1 at 2018-04-17 16:29:16 +0300
Processing by WelcomeController#index as HTML
  Rendering welcome/index.html.erb within layouts/application
  Rendered welcome/index.html.erb within layouts/application (3.0ms)
Completed 200 OK in 5074ms (Views: 5056.2ms | ActiveRecord: 0.0ms)


Completed 200 OK in 2483ms (Views: 2480.1ms | ActiveRecord: 0.0ms)


Started GET "/" for 127.0.0.1 at 2018-04-17 16:29:55 +0300
Processing by WelcomeController#index as HTML
  Rendering welcome/index.html.erb within layouts/application
  Rendered welcome/index.html.erb within layouts/application (1.1ms)
Completed 200 OK in 1166ms (Views: 1161.4ms | ActiveRecord: 0.0ms)


Started GET "/" for 127.0.0.1 at 2018-04-17 16:30:13 +0300
Processing by WelcomeController#index as HTML
  Rendering welcome/index.html.erb within layouts/application
  Rendered welcome/index.html.erb within layouts/application (1.1ms)
Completed 200 OK in 66ms (Views: 61.8ms | ActiveRecord: 0.0ms)


Started GET "/" for 127.0.0.1 at 2018-04-17 16:31:29 +0300
Processing by WelcomeController#index as HTML
  Rendering welcome/index.html.erb within layouts/application
  Rendered welcome/index.html.erb within layouts/application (1.4ms)
Completed 200 OK in 70ms (Views: 67.6ms | ActiveRecord: 0.0ms)


Started GET "/" for 127.0.0.1 at 2018-04-17 16:31:30 +0300
Processing by WelcomeController#index as HTML
  Rendering welcome/index.html.erb within layouts/application
  Rendered welcome/index.html.erb within layouts/application (1.5ms)
Completed 200 OK in 64ms (Views: 60.7ms | ActiveRecord: 0.0ms)


Started GET "/" for 127.0.0.1 at 2018-04-17 16:36:06 +0300
Processing by WelcomeController#index as HTML
  Rendering welcome/index.html.erb within layouts/application
  Rendered welcome/index.html.erb within layouts/application (3.7ms)
Completed 200 OK in 81ms (Views: 77.7ms | ActiveRecord: 0.0ms)


Started GET "/" for 127.0.0.1 at 2018-04-17 16:40:26 +0300
Processing by WelcomeController#index as HTML
  Rendering welcome/index.html.erb within layouts/application
  Rendered welcome/index.html.erb within layouts/application (1.2ms)
Completed 500 Internal Server Error in 14ms (ActiveRecord: 0.0ms)


  
SyntaxError (/home/ivan/Documents/TP/TP-2018/blog/app/views/layouts/application.html.erb:12: syntax error, unexpected tLABEL
    '.freeze;@output_buffer.append=( render: "layoutss/navbar"
                                            ^
/home/ivan/Documents/TP/TP-2018/blog/app/views/layouts/application.html.erb:13: syntax error, unexpected '<', expecting ')'
    <div class = "conatainer">
     ^
/home/ivan/Documents/TP/TP-2018/blog/app/views/layouts/application.html.erb:14: syntax error, unexpected '<'
      <%= yield );@output_buffer.safe_append='
       ^
/home/ivan/Documents/TP/TP-2018/blog/app/views/layouts/application.html.erb:20: syntax error, unexpected keyword_ensure, expecting ')'
/home/ivan/Documents/TP/TP-2018/blog/app/views/layouts/application.html.erb:22: syntax error, unexpected keyword_end, expecting ')'):
  
app/views/layouts/application.html.erb:12: syntax error, unexpected tLABEL
app/views/layouts/application.html.erb:13: syntax error, unexpected '<', expecting ')'
app/views/layouts/application.html.erb:14: syntax error, unexpected '<'
app/views/layouts/application.html.erb:20: syntax error, unexpected keyword_ensure, expecting ')'
app/views/layouts/application.html.erb:22: syntax error, unexpected keyword_end, expecting ')'
  Rendering /var/lib/gems/2.3.0/gems/actionpack-5.0.7/lib/action_dispatch/middleware/templates/rescues/diagnostics.html.erb within rescues/layout
  Rendering /var/lib/gems/2.3.0/gems/actionpack-5.0.7/lib/action_dispatch/middleware/templates/rescues/_source.html.erb
  Rendered /var/lib/gems/2.3.0/gems/actionpack-5.0.7/lib/action_dispatch/middleware/templates/rescues/_source.html.erb (9.8ms)
  Rendering /var/lib/gems/2.3.0/gems/actionpack-5.0.7/lib/action_dispatch/middleware/templates/rescues/_trace.html.erb
  Rendered /var/lib/gems/2.3.0/gems/actionpack-5.0.7/lib/action_dispatch/middleware/templates/rescues/_trace.html.erb (4.2ms)
  Rendering /var/lib/gems/2.3.0/gems/actionpack-5.0.7/lib/action_dispatch/middleware/templates/rescues/_request_and_response.html.erb
  Rendered /var/lib/gems/2.3.0/gems/actionpack-5.0.7/lib/action_dispatch/middleware/templates/rescues/_request_and_response.html.erb (1.9ms)
  Rendered /var/lib/gems/2.3.0/gems/actionpack-5.0.7/lib/action_dispatch/middleware/templates/rescues/diagnostics.html.erb within rescues/layout (45.1ms)
Started GET "/" for 127.0.0.1 at 2018-04-17 16:40:27 +0300
Processing by WelcomeController#index as HTML
  Rendering welcome/index.html.erb within layouts/application
  Rendered welcome/index.html.erb within layouts/application (1.1ms)
Completed 500 Internal Server Error in 10ms (ActiveRecord: 0.0ms)


  
SyntaxError (/home/ivan/Documents/TP/TP-2018/blog/app/views/layouts/application.html.erb:12: syntax error, unexpected tLABEL
    '.freeze;@output_buffer.append=( render: "layoutss/navbar"
                                            ^
/home/ivan/Documents/TP/TP-2018/blog/app/views/layouts/application.html.erb:13: syntax error, unexpected '<', expecting ')'
    <div class = "conatainer">
     ^
/home/ivan/Documents/TP/TP-2018/blog/app/views/layouts/application.html.erb:14: syntax error, unexpected '<'
      <%= yield );@output_buffer.safe_append='
       ^
/home/ivan/Documents/TP/TP-2018/blog/app/views/layouts/application.html.erb:20: syntax error, unexpected keyword_ensure, expecting ')'
/home/ivan/Documents/TP/TP-2018/blog/app/views/layouts/application.html.erb:22: syntax error, unexpected keyword_end, expecting ')'):
  
app/views/layouts/application.html.erb:12: syntax error, unexpected tLABEL
app/views/layouts/application.html.erb:13: syntax error, unexpected '<', expecting ')'
app/views/layouts/application.html.erb:14: syntax error, unexpected '<'
app/views/layouts/application.html.erb:20: syntax error, unexpected keyword_ensure, expecting ')'
app/views/layouts/application.html.erb:22: syntax error, unexpected keyword_end, expecting ')'
  Rendering /var/lib/gems/2.3.0/gems/actionpack-5.0.7/lib/action_dispatch/middleware/templates/rescues/diagnostics.html.erb within rescues/layout
  Rendering /var/lib/gems/2.3.0/gems/actionpack-5.0.7/lib/action_dispatch/middleware/templates/rescues/_source.html.erb
  Rendered /var/lib/gems/2.3.0/gems/actionpack-5.0.7/lib/action_dispatch/middleware/templates/rescues/_source.html.erb (9.1ms)
  Rendering /var/lib/gems/2.3.0/gems/actionpack-5.0.7/lib/action_dispatch/middleware/templates/rescues/_trace.html.erb
  Rendered /var/lib/gems/2.3.0/gems/actionpack-5.0.7/lib/action_dispatch/middleware/templates/rescues/_trace.html.erb (4.8ms)
  Rendering /var/lib/gems/2.3.0/gems/actionpack-5.0.7/lib/action_dispatch/middleware/templates/rescues/_request_and_response.html.erb
  Rendered /var/lib/gems/2.3.0/gems/actionpack-5.0.7/lib/action_dispatch/middleware/templates/rescues/_request_and_response.html.erb (1.9ms)
  Rendered /var/lib/gems/2.3.0/gems/actionpack-5.0.7/lib/action_dispatch/middleware/templates/rescues/diagnostics.html.erb within rescues/layout (43.7ms)
Started GET "/" for 127.0.0.1 at 2018-04-17 16:40:49 +0300
Processing by WelcomeController#index as HTML
  Rendering welcome/index.html.erb within layouts/application
  Rendered welcome/index.html.erb within layouts/application (1.7ms)
Completed 500 Internal Server Error in 12ms (ActiveRecord: 0.0ms)


  
SyntaxError (/home/ivan/Documents/TP/TP-2018/blog/app/views/layouts/application.html.erb:12: syntax error, unexpected tLABEL
    '.freeze;@output_buffer.append=( render: "layouts/navbar"
                                            ^
/home/ivan/Documents/TP/TP-2018/blog/app/views/layouts/application.html.erb:13: syntax error, unexpected '<', expecting ')'
    <div class = "conatainer">
     ^
/home/ivan/Documents/TP/TP-2018/blog/app/views/layouts/application.html.erb:14: syntax error, unexpected '<'
      <%= yield );@output_buffer.safe_append='
       ^
/home/ivan/Documents/TP/TP-2018/blog/app/views/layouts/application.html.erb:20: syntax error, unexpected keyword_ensure, expecting ')'
/home/ivan/Documents/TP/TP-2018/blog/app/views/layouts/application.html.erb:22: syntax error, unexpected keyword_end, expecting ')'):
  
app/views/layouts/application.html.erb:12: syntax error, unexpected tLABEL
app/views/layouts/application.html.erb:13: syntax error, unexpected '<', expecting ')'
app/views/layouts/application.html.erb:14: syntax error, unexpected '<'
app/views/layouts/application.html.erb:20: syntax error, unexpected keyword_ensure, expecting ')'
app/views/layouts/application.html.erb:22: syntax error, unexpected keyword_end, expecting ')'
  Rendering /var/lib/gems/2.3.0/gems/actionpack-5.0.7/lib/action_dispatch/middleware/templates/rescues/diagnostics.html.erb within rescues/layout
  Rendering /var/lib/gems/2.3.0/gems/actionpack-5.0.7/lib/action_dispatch/middleware/templates/rescues/_source.html.erb
  Rendered /var/lib/gems/2.3.0/gems/actionpack-5.0.7/lib/action_dispatch/middleware/templates/rescues/_source.html.erb (9.2ms)
  Rendering /var/lib/gems/2.3.0/gems/actionpack-5.0.7/lib/action_dispatch/middleware/templates/rescues/_trace.html.erb
  Rendered /var/lib/gems/2.3.0/gems/actionpack-5.0.7/lib/action_dispatch/middleware/templates/rescues/_trace.html.erb (4.5ms)
  Rendering /var/lib/gems/2.3.0/gems/actionpack-5.0.7/lib/action_dispatch/middleware/templates/rescues/_request_and_response.html.erb
  Rendered /var/lib/gems/2.3.0/gems/actionpack-5.0.7/lib/action_dispatch/middleware/templates/rescues/_request_and_response.html.erb (1.9ms)
  Rendered /var/lib/gems/2.3.0/gems/actionpack-5.0.7/lib/action_dispatch/middleware/templates/rescues/diagnostics.html.erb within rescues/layout (43.0ms)
Started GET "/" for 127.0.0.1 at 2018-04-17 16:42:10 +0300
Processing by WelcomeController#index as HTML
  Rendering welcome/index.html.erb within layouts/application
  Rendered welcome/index.html.erb within layouts/application (0.9ms)
Completed 500 Internal Server Error in 11ms (ActiveRecord: 0.0ms)


  
SyntaxError (/home/ivan/Documents/TP/TP-2018/blog/app/views/layouts/application.html.erb:12: syntax error, unexpected tLABEL
...@output_buffer.append=( render: "layouts/navbar" );@output_b...
...                               ^
/home/ivan/Documents/TP/TP-2018/blog/app/views/layouts/application.html.erb:16: syntax error, unexpected tLABEL
...@output_buffer.append=( render: "layouts/footer" );@output_b...
...                               ^):
  
app/views/layouts/application.html.erb:12: syntax error, unexpected tLABEL
app/views/layouts/application.html.erb:16: syntax error, unexpected tLABEL
  Rendering /var/lib/gems/2.3.0/gems/actionpack-5.0.7/lib/action_dispatch/middleware/templates/rescues/diagnostics.html.erb within rescues/layout
  Rendering /var/lib/gems/2.3.0/gems/actionpack-5.0.7/lib/action_dispatch/middleware/templates/rescues/_source.html.erb
  Rendered /var/lib/gems/2.3.0/gems/actionpack-5.0.7/lib/action_dispatch/middleware/templates/rescues/_source.html.erb (8.5ms)
  Rendering /var/lib/gems/2.3.0/gems/actionpack-5.0.7/lib/action_dispatch/middleware/templates/rescues/_trace.html.erb
  Rendered /var/lib/gems/2.3.0/gems/actionpack-5.0.7/lib/action_dispatch/middleware/templates/rescues/_trace.html.erb (4.8ms)
  Rendering /var/lib/gems/2.3.0/gems/actionpack-5.0.7/lib/action_dispatch/middleware/templates/rescues/_request_and_response.html.erb
  Rendered /var/lib/gems/2.3.0/gems/actionpack-5.0.7/lib/action_dispatch/middleware/templates/rescues/_request_and_response.html.erb (1.6ms)
  Rendered /var/lib/gems/2.3.0/gems/actionpack-5.0.7/lib/action_dispatch/middleware/templates/rescues/diagnostics.html.erb within rescues/layout (45.2ms)
Started GET "/" for 127.0.0.1 at 2018-04-17 16:43:18 +0300
Processing by WelcomeController#index as HTML
  Rendering welcome/index.html.erb within layouts/application
  Rendered welcome/index.html.erb within layouts/application (0.8ms)
  Rendered layouts/_navbar.html.erb (1.0ms)
  Rendered layouts/_footer.html.erb (1.2ms)
Completed 200 OK in 212ms (Views: 206.8ms | ActiveRecord: 0.0ms)


Started GET "/" for 127.0.0.1 at 2018-04-17 16:43:22 +0300
Processing by WelcomeController#index as HTML
  Rendering welcome/index.html.erb within layouts/application
  Rendered welcome/index.html.erb within layouts/application (1.9ms)
  Rendered layouts/_navbar.html.erb (1.0ms)
  Rendered layouts/_footer.html.erb (0.8ms)
Completed 200 OK in 59ms (Views: 56.0ms | ActiveRecord: 0.0ms)


Started GET "/" for 127.0.0.1 at 2018-04-17 16:43:23 +0300
Processing by WelcomeController#index as HTML
  Rendering welcome/index.html.erb within layouts/application
  Rendered welcome/index.html.erb within layouts/application (1.2ms)
  Rendered layouts/_navbar.html.erb (0.8ms)
  Rendered layouts/_footer.html.erb (0.6ms)
Completed 200 OK in 55ms (Views: 52.4ms | ActiveRecord: 0.0ms)


Started GET "/" for 127.0.0.1 at 2018-04-17 16:43:24 +0300
Processing by WelcomeController#index as HTML
  Rendering welcome/index.html.erb within layouts/application
  Rendered welcome/index.html.erb within layouts/application (1.0ms)
  Rendered layouts/_navbar.html.erb (0.7ms)
  Rendered layouts/_footer.html.erb (0.7ms)
Completed 200 OK in 50ms (Views: 47.3ms | ActiveRecord: 0.0ms)


Started GET "/" for 127.0.0.1 at 2018-04-17 16:43:24 +0300
Processing by WelcomeController#index as HTML
  Rendering welcome/index.html.erb within layouts/application
  Rendered welcome/index.html.erb within layouts/application (1.8ms)
  Rendered layouts/_navbar.html.erb (0.6ms)
  Rendered layouts/_footer.html.erb (0.6ms)
Completed 200 OK in 44ms (Views: 42.2ms | ActiveRecord: 0.0ms)


Started GET "/" for 127.0.0.1 at 2018-04-17 16:43:25 +0300
Processing by WelcomeController#index as HTML
  Rendering welcome/index.html.erb within layouts/application
  Rendered welcome/index.html.erb within layouts/application (0.8ms)
  Rendered layouts/_navbar.html.erb (0.7ms)
  Rendered layouts/_footer.html.erb (0.6ms)
Completed 200 OK in 56ms (Views: 54.0ms | ActiveRecord: 0.0ms)


Started GET "/" for 127.0.0.1 at 2018-04-17 16:43:26 +0300
Processing by WelcomeController#index as HTML
  Rendering welcome/index.html.erb within layouts/application
  Rendered welcome/index.html.erb within layouts/application (1.0ms)
  Rendered layouts/_navbar.html.erb (1.2ms)
  Rendered layouts/_footer.html.erb (1.4ms)
Completed 200 OK in 66ms (Views: 63.5ms | ActiveRecord: 0.0ms)


Started GET "/" for 127.0.0.1 at 2018-04-17 16:44:31 +0300
Processing by WelcomeController#index as HTML
  Rendering welcome/index.html.erb within layouts/application
  Rendered welcome/index.html.erb within layouts/application (1.1ms)
  Rendered layouts/_navbar.html.erb (0.9ms)
  Rendered layouts/_footer.html.erb (1.3ms)
Completed 200 OK in 228ms (Views: 225.5ms | ActiveRecord: 0.0ms)


Started GET "/" for 127.0.0.1 at 2018-04-17 16:46:10 +0300
  [1m[36mActiveRecord::SchemaMigration Load (0.5ms)[0m  [1m[34mSELECT "schema_migrations".* FROM "schema_migrations"[0m
Processing by WelcomeController#index as HTML
  Rendering welcome/index.html.erb within layouts/application
  Rendered welcome/index.html.erb within layouts/application (3.7ms)
  Rendered layouts/_navbar.html.erb (1.2ms)
  Rendered layouts/_footer.html.erb (0.9ms)
Completed 200 OK in 12457ms (Views: 12439.4ms | ActiveRecord: 0.0ms)


  [1m[35m (0.2ms)[0m  [1m[36mbegin transaction[0m
  [1m[35mSQL (1.7ms)[0m  [1m[32mINSERT INTO "articles" ("created_at", "updated_at", "title", "body", "picture") VALUES (?, ?, ?, ?, ?)[0m  [["created_at", "2018-04-17 13:50:17.078939"], ["updated_at", "2018-04-17 13:50:17.078939"], ["title", "Title"], ["body", "Lorem Ipsum is simply dummy text of the printing and typesetting industry. Lorem Ipsum has been the industry's standard dummy text ever since the 1500s, when an unknown printer took a galley of type and scrambled it to make a type specimen book. It has survived not only five centuries, but also the leap into electronic typesetting, remaining essentially unchanged. It was popularised in the 1960s with the release of Letraset sheets containing Lorem Ipsum passages, and more recently with desktop publishing software like Aldus PageMaker including versions of Lorem Ipsum."], ["picture", "https://s3.amazonaws.com/fllcasts/content_pictures/pictures/000/001/514/3d28ced2cff77cb3556159b4eed661b9510212a2Lego-Mindstorms-Motorcycle-Chopper-Robot-Ev3-2-Fllcasts.png?1521639145"]]
  [1m[35m (4.9ms)[0m  [1m[36mcommit transaction[0m
  [1m[35m (0.1ms)[0m  [1m[36mbegin transaction[0m
  [1m[35mSQL (0.7ms)[0m  [1m[32mINSERT INTO "articles" ("created_at", "updated_at", "title", "body", "picture") VALUES (?, ?, ?, ?, ?)[0m  [["created_at", "2018-04-17 13:50:24.225517"], ["updated_at", "2018-04-17 13:50:24.225517"], ["title", "Title"], ["body", "Lorem Ipsum is simply dummy text of the printing and typesetting industry. Lorem Ipsum has been the industry's standard dummy text ever since the 1500s, when an unknown printer took a galley of type and scrambled it to make a type specimen book. It has survived not only five centuries, but also the leap into electronic typesetting, remaining essentially unchanged. It was popularised in the 1960s with the release of Letraset sheets containing Lorem Ipsum passages, and more recently with desktop publishing software like Aldus PageMaker including versions of Lorem Ipsum."], ["picture", "https://s3.amazonaws.com/fllcasts/content_pictures/pictures/000/001/514/3d28ced2cff77cb3556159b4eed661b9510212a2Lego-Mindstorms-Motorcycle-Chopper-Robot-Ev3-2-Fllcasts.png?1521639145"]]
  [1m[35m (149.0ms)[0m  [1m[36mcommit transaction[0m
  [1m[35m (0.2ms)[0m  [1m[36mbegin transaction[0m
  [1m[35mSQL (3.0ms)[0m  [1m[32mINSERT INTO "articles" ("created_at", "updated_at", "title", "body", "picture") VALUES (?, ?, ?, ?, ?)[0m  [["created_at", "2018-04-17 13:50:25.302699"], ["updated_at", "2018-04-17 13:50:25.302699"], ["title", "Title"], ["body", "Lorem Ipsum is simply dummy text of the printing and typesetting industry. Lorem Ipsum has been the industry's standard dummy text ever since the 1500s, when an unknown printer took a galley of type and scrambled it to make a type specimen book. It has survived not only five centuries, but also the leap into electronic typesetting, remaining essentially unchanged. It was popularised in the 1960s with the release of Letraset sheets containing Lorem Ipsum passages, and more recently with desktop publishing software like Aldus PageMaker including versions of Lorem Ipsum."], ["picture", "https://s3.amazonaws.com/fllcasts/content_pictures/pictures/000/001/514/3d28ced2cff77cb3556159b4eed661b9510212a2Lego-Mindstorms-Motorcycle-Chopper-Robot-Ev3-2-Fllcasts.png?1521639145"]]
  [1m[35m (150.3ms)[0m  [1m[36mcommit transaction[0m
Started GET "/articless" for 127.0.0.1 at 2018-04-17 16:53:36 +0300
  [1m[36mActiveRecord::SchemaMigration Load (0.4ms)[0m  [1m[34mSELECT "schema_migrations".* FROM "schema_migrations"[0m
  
ActionController::RoutingError (No route matches [GET] "/articless"):
  
actionpack (5.0.7) lib/action_dispatch/middleware/debug_exceptions.rb:53:in `call'
web-console (3.6.0) lib/web_console/middleware.rb:137:in `call_app'
web-console (3.6.0) lib/web_console/middleware.rb:30:in `block in call'
web-console (3.6.0) lib/web_console/middleware.rb:20:in `catch'
web-console (3.6.0) lib/web_console/middleware.rb:20:in `call'
actionpack (5.0.7) lib/action_dispatch/middleware/show_exceptions.rb:31:in `call'
railties (5.0.7) lib/rails/rack/logger.rb:36:in `call_app'
railties (5.0.7) lib/rails/rack/logger.rb:24:in `block in call'
activesupport (5.0.7) lib/active_support/tagged_logging.rb:69:in `block in tagged'
activesupport (5.0.7) lib/active_support/tagged_logging.rb:26:in `tagged'
activesupport (5.0.7) lib/active_support/tagged_logging.rb:69:in `tagged'
railties (5.0.7) lib/rails/rack/logger.rb:24:in `call'
sprockets-rails (3.2.1) lib/sprockets/rails/quiet_assets.rb:13:in `call'
actionpack (5.0.7) lib/action_dispatch/middleware/request_id.rb:24:in `call'
rack (2.0.4) lib/rack/method_override.rb:22:in `call'
rack (2.0.4) lib/rack/runtime.rb:22:in `call'
activesupport (5.0.7) lib/active_support/cache/strategy/local_cache_middleware.rb:28:in `call'
actionpack (5.0.7) lib/action_dispatch/middleware/executor.rb:12:in `call'
actionpack (5.0.7) lib/action_dispatch/middleware/static.rb:136:in `call'
rack (2.0.4) lib/rack/sendfile.rb:111:in `call'
railties (5.0.7) lib/rails/engine.rb:522:in `call'
puma (3.11.4) lib/puma/configuration.rb:225:in `call'
puma (3.11.4) lib/puma/server.rb:632:in `handle_request'
puma (3.11.4) lib/puma/server.rb:446:in `process_client'
puma (3.11.4) lib/puma/server.rb:306:in `block in run'
puma (3.11.4) lib/puma/thread_pool.rb:120:in `block in spawn_thread'
  Rendering /var/lib/gems/2.3.0/gems/actionpack-5.0.7/lib/action_dispatch/middleware/templates/rescues/routing_error.html.erb within rescues/layout
  Rendering /var/lib/gems/2.3.0/gems/actionpack-5.0.7/lib/action_dispatch/middleware/templates/rescues/_trace.html.erb
  Rendered /var/lib/gems/2.3.0/gems/actionpack-5.0.7/lib/action_dispatch/middleware/templates/rescues/_trace.html.erb (4.1ms)
  Rendered collection of /var/lib/gems/2.3.0/gems/actionpack-5.0.7/lib/action_dispatch/middleware/templates/routes/_route.html.erb [9 times] (163.9ms)
  Rendered /var/lib/gems/2.3.0/gems/actionpack-5.0.7/lib/action_dispatch/middleware/templates/routes/_table.html.erb (18.6ms)
  Rendering /var/lib/gems/2.3.0/gems/actionpack-5.0.7/lib/action_dispatch/middleware/templates/rescues/_request_and_response.html.erb
  Rendered /var/lib/gems/2.3.0/gems/actionpack-5.0.7/lib/action_dispatch/middleware/templates/rescues/_request_and_response.html.erb (18.0ms)
  Rendered /var/lib/gems/2.3.0/gems/actionpack-5.0.7/lib/action_dispatch/middleware/templates/rescues/routing_error.html.erb within rescues/layout (255.6ms)
Started GET "/articles" for 127.0.0.1 at 2018-04-17 16:54:12 +0300
Processing by ArticlesController#index as HTML
  Rendering articles/index.html.erb within layouts/application
  [1m[36mArticle Load (0.5ms)[0m  [1m[34mSELECT "articles".* FROM "articles"[0m
  Rendered articles/index.html.erb within layouts/application (24.7ms)
  Rendered layouts/_navbar.html.erb (1.0ms)
  Rendered layouts/_footer.html.erb (0.9ms)
Completed 200 OK in 850ms (Views: 739.0ms | ActiveRecord: 2.1ms)


Started GET "/articles" for 127.0.0.1 at 2018-04-17 16:57:13 +0300
Processing by ArticlesController#index as HTML
  Rendering articles/index.html.erb within layouts/application
  [1m[36mArticle Load (0.5ms)[0m  [1m[34mSELECT "articles".* FROM "articles"[0m
  Rendered articles/index.html.erb within layouts/application (3.6ms)
  Rendered layouts/_navbar.html.erb (0.9ms)
  Rendered layouts/_footer.html.erb (0.8ms)
Completed 200 OK in 282ms (Views: 277.4ms | ActiveRecord: 0.5ms)


Started GET "/articles" for 127.0.0.1 at 2018-04-17 16:58:19 +0300
Processing by ArticlesController#index as HTML
  Rendering articles/index.html.erb within layouts/application
  [1m[36mArticle Load (0.5ms)[0m  [1m[34mSELECT "articles".* FROM "articles"[0m
  Rendered articles/index.html.erb within layouts/application (4.7ms)
  Rendered layouts/_navbar.html.erb (0.8ms)
  Rendered layouts/_footer.html.erb (0.7ms)
Completed 200 OK in 143ms (Views: 138.2ms | ActiveRecord: 0.5ms)


Started GET "/articles" for 127.0.0.1 at 2018-04-17 16:59:08 +0300
Processing by ArticlesController#index as HTML
  Rendering articles/index.html.erb within layouts/application
  [1m[36mArticle Load (0.5ms)[0m  [1m[34mSELECT "articles".* FROM "articles"[0m
  Rendered articles/index.html.erb within layouts/application (4.3ms)
  Rendered layouts/_navbar.html.erb (1.0ms)
  Rendered layouts/_footer.html.erb (1.4ms)
Completed 200 OK in 100ms (Views: 95.6ms | ActiveRecord: 0.5ms)


Started GET "/articles" for 127.0.0.1 at 2018-04-17 16:59:09 +0300
Processing by ArticlesController#index as HTML
  Rendering articles/index.html.erb within layouts/application
  [1m[36mArticle Load (0.8ms)[0m  [1m[34mSELECT "articles".* FROM "articles"[0m
  Rendered articles/index.html.erb within layouts/application (6.2ms)
  Rendered layouts/_navbar.html.erb (3.7ms)
  Rendered layouts/_footer.html.erb (0.9ms)
Completed 200 OK in 116ms (Views: 112.3ms | ActiveRecord: 0.8ms)


Started GET "/articles" for 127.0.0.1 at 2018-04-17 16:59:10 +0300
Processing by ArticlesController#index as HTML
  Rendering articles/index.html.erb within layouts/application
  [1m[36mArticle Load (0.6ms)[0m  [1m[34mSELECT "articles".* FROM "articles"[0m
  Rendered articles/index.html.erb within layouts/application (4.4ms)
  Rendered layouts/_navbar.html.erb (0.9ms)
  Rendered layouts/_footer.html.erb (1.3ms)
Completed 200 OK in 104ms (Views: 100.5ms | ActiveRecord: 0.6ms)


Started GET "/articles" for 127.0.0.1 at 2018-04-17 16:59:16 +0300
Processing by ArticlesController#index as HTML
  Rendering articles/index.html.erb within layouts/application
  [1m[36mArticle Load (0.4ms)[0m  [1m[34mSELECT "articles".* FROM "articles"[0m
  Rendered articles/index.html.erb within layouts/application (5.8ms)
  Rendered layouts/_navbar.html.erb (1.3ms)
  Rendered layouts/_footer.html.erb (1.5ms)
Completed 200 OK in 263ms (Views: 258.4ms | ActiveRecord: 0.4ms)


Started GET "/articles" for 127.0.0.1 at 2018-04-17 17:00:29 +0300
Processing by ArticlesController#index as HTML
  Rendering articles/index.html.erb within layouts/application
  [1m[36mArticle Load (0.5ms)[0m  [1m[34mSELECT "articles".* FROM "articles"[0m
  Rendered articles/index.html.erb within layouts/application (3.1ms)
  Rendered layouts/_navbar.html.erb (0.9ms)
  Rendered layouts/_footer.html.erb (0.9ms)
Completed 200 OK in 72ms (Views: 68.4ms | ActiveRecord: 0.5ms)


Started GET "/articles" for 127.0.0.1 at 2018-04-17 17:00:30 +0300
Processing by ArticlesController#index as HTML
  Rendering articles/index.html.erb within layouts/application
  [1m[36mArticle Load (0.5ms)[0m  [1m[34mSELECT "articles".* FROM "articles"[0m
  Rendered articles/index.html.erb within layouts/application (3.8ms)
  Rendered layouts/_navbar.html.erb (1.0ms)
  Rendered layouts/_footer.html.erb (1.0ms)
Completed 200 OK in 77ms (Views: 73.7ms | ActiveRecord: 0.5ms)


Started GET "/articles" for 127.0.0.1 at 2018-04-17 17:01:58 +0300
Processing by ArticlesController#index as HTML
  Rendering articles/index.html.erb within layouts/application
  Rendered articles/index.html.erb within layouts/application (1.8ms)
Completed 500 Internal Server Error in 9ms (ActiveRecord: 0.0ms)


  
SyntaxError (/home/ivan/Documents/TP/TP-2018/blog/app/views/articles/index.html.erb:6: syntax error, unexpected '\n', expecting &. or :: or '[' or '.'
/home/ivan/Documents/TP/TP-2018/blog/app/views/articles/index.html.erb:9: unknown regexp options - dv
unmatched close parenthesis: /div>
<% end);@output_buffer.safe_append='
</i
/home/ivan/Documents/TP/TP-2018/blog/app/views/articles/index.html.erb:9: unterminated string meets end of file
/home/ivan/Documents/TP/TP-2018/blog/app/views/articles/index.html.erb:9: syntax error, unexpected end-of-input, expecting ')'):
  
app/views/articles/index.html.erb:6: syntax error, unexpected '\n', expecting &. or :: or '[' or '.'
app/views/articles/index.html.erb:9: unknown regexp options - dv
app/views/articles/index.html.erb:9: unterminated string meets end of file
app/views/articles/index.html.erb:9: syntax error, unexpected end-of-input, expecting ')'
  Rendering /var/lib/gems/2.3.0/gems/actionpack-5.0.7/lib/action_dispatch/middleware/templates/rescues/diagnostics.html.erb within rescues/layout
  Rendering /var/lib/gems/2.3.0/gems/actionpack-5.0.7/lib/action_dispatch/middleware/templates/rescues/_source.html.erb
  Rendered /var/lib/gems/2.3.0/gems/actionpack-5.0.7/lib/action_dispatch/middleware/templates/rescues/_source.html.erb (10.4ms)
  Rendering /var/lib/gems/2.3.0/gems/actionpack-5.0.7/lib/action_dispatch/middleware/templates/rescues/_trace.html.erb
  Rendered /var/lib/gems/2.3.0/gems/actionpack-5.0.7/lib/action_dispatch/middleware/templates/rescues/_trace.html.erb (4.9ms)
  Rendering /var/lib/gems/2.3.0/gems/actionpack-5.0.7/lib/action_dispatch/middleware/templates/rescues/_request_and_response.html.erb
  Rendered /var/lib/gems/2.3.0/gems/actionpack-5.0.7/lib/action_dispatch/middleware/templates/rescues/_request_and_response.html.erb (1.9ms)
  Rendered /var/lib/gems/2.3.0/gems/actionpack-5.0.7/lib/action_dispatch/middleware/templates/rescues/diagnostics.html.erb within rescues/layout (45.0ms)
Started GET "/articles" for 127.0.0.1 at 2018-04-17 17:02:38 +0300
Processing by ArticlesController#index as HTML
  Rendering articles/index.html.erb within layouts/application
  [1m[36mArticle Load (0.5ms)[0m  [1m[34mSELECT "articles".* FROM "articles"[0m
  Rendered articles/index.html.erb within layouts/application (4.2ms)
  Rendered layouts/_navbar.html.erb (1.2ms)
  Rendered layouts/_footer.html.erb (1.2ms)
Completed 200 OK in 93ms (Views: 87.9ms | ActiveRecord: 0.5ms)


Started GET "/articles" for 127.0.0.1 at 2018-04-17 17:04:16 +0300
Processing by ArticlesController#index as HTML
  Rendering articles/index.html.erb within layouts/application
  [1m[36mArticle Load (0.4ms)[0m  [1m[34mSELECT "articles".* FROM "articles"[0m
  Rendered articles/index.html.erb within layouts/application (4.6ms)
  Rendered layouts/_navbar.html.erb (1.1ms)
  Rendered layouts/_footer.html.erb (0.9ms)
Completed 200 OK in 78ms (Views: 73.3ms | ActiveRecord: 0.4ms)


Started GET "/articles" for 127.0.0.1 at 2018-04-17 17:04:18 +0300
Processing by ArticlesController#index as HTML
  Rendering articles/index.html.erb within layouts/application
  [1m[36mArticle Load (0.5ms)[0m  [1m[34mSELECT "articles".* FROM "articles"[0m
  Rendered articles/index.html.erb within layouts/application (4.4ms)
  Rendered layouts/_navbar.html.erb (1.2ms)
  Rendered layouts/_footer.html.erb (0.7ms)
Completed 200 OK in 82ms (Views: 78.6ms | ActiveRecord: 0.5ms)


Started GET "/articles" for 127.0.0.1 at 2018-04-17 17:04:18 +0300
Processing by ArticlesController#index as HTML
  Rendering articles/index.html.erb within layouts/application
  [1m[36mArticle Load (0.6ms)[0m  [1m[34mSELECT "articles".* FROM "articles"[0m
  Rendered articles/index.html.erb within layouts/application (5.4ms)
  Rendered layouts/_navbar.html.erb (0.8ms)
  Rendered layouts/_footer.html.erb (1.1ms)
Completed 200 OK in 74ms (Views: 70.5ms | ActiveRecord: 0.6ms)


Started GET "/articles" for 127.0.0.1 at 2018-04-17 17:05:15 +0300
Processing by ArticlesController#index as HTML
  Rendering articles/index.html.erb within layouts/application
  [1m[36mArticle Load (0.4ms)[0m  [1m[34mSELECT "articles".* FROM "articles"[0m
  Rendered articles/index.html.erb within layouts/application (3.3ms)
  Rendered layouts/_navbar.html.erb (0.8ms)
  Rendered layouts/_footer.html.erb (0.8ms)
Completed 200 OK in 75ms (Views: 71.7ms | ActiveRecord: 0.4ms)


Started GET "/articles" for 127.0.0.1 at 2018-04-17 17:10:16 +0300
Processing by ArticlesController#index as HTML
  Rendering articles/index.html.erb within layouts/application
  [1m[36mArticle Load (0.5ms)[0m  [1m[34mSELECT "articles".* FROM "articles"[0m
  Rendered articles/index.html.erb within layouts/application (4.3ms)
  Rendered layouts/_navbar.html.erb (1.0ms)
  Rendered layouts/_footer.html.erb (0.8ms)
Completed 200 OK in 72ms (Views: 67.7ms | ActiveRecord: 0.5ms)


Started GET "/articles" for 127.0.0.1 at 2018-04-17 17:10:17 +0300
Processing by ArticlesController#index as HTML
  Rendering articles/index.html.erb within layouts/application
  [1m[36mArticle Load (0.8ms)[0m  [1m[34mSELECT "articles".* FROM "articles"[0m
  Rendered articles/index.html.erb within layouts/application (5.5ms)
  Rendered layouts/_navbar.html.erb (1.3ms)
  Rendered layouts/_footer.html.erb (0.9ms)
Completed 200 OK in 89ms (Views: 84.9ms | ActiveRecord: 0.8ms)


Started GET "/articles" for 127.0.0.1 at 2018-04-17 17:10:56 +0300
Processing by ArticlesController#index as HTML
  Rendering articles/index.html.erb within layouts/application
  [1m[36mArticle Load (0.8ms)[0m  [1m[34mSELECT "articles".* FROM "articles"[0m
  Rendered articles/index.html.erb within layouts/application (4.6ms)
  Rendered layouts/_navbar.html.erb (1.2ms)
  Rendered layouts/_footer.html.erb (1.2ms)
Completed 200 OK in 74ms (Views: 70.7ms | ActiveRecord: 0.8ms)


Started GET "/articles" for 127.0.0.1 at 2018-04-17 17:12:24 +0300
Processing by ArticlesController#index as HTML
  Rendering articles/index.html.erb within layouts/application
  [1m[36mArticle Load (0.6ms)[0m  [1m[34mSELECT "articles".* FROM "articles"[0m
  Rendered articles/index.html.erb within layouts/application (4.2ms)
  Rendered layouts/_navbar.html.erb (1.2ms)
  Rendered layouts/_footer.html.erb (1.2ms)
Completed 200 OK in 91ms (Views: 87.2ms | ActiveRecord: 0.6ms)


Started GET "/articles" for 127.0.0.1 at 2018-04-17 17:23:06 +0300
Processing by ArticlesController#index as HTML
  Rendering articles/index.html.erb within layouts/application
  [1m[36mArticle Load (0.6ms)[0m  [1m[34mSELECT "articles".* FROM "articles"[0m
  Rendered articles/index.html.erb within layouts/application (5.1ms)
Completed 500 Internal Server Error in 39ms (ActiveRecord: 0.6ms)


  
ActionView::Template::Error (couldn't find file 'jquery' with type 'text/css'
Checked in these paths: 
  /home/ivan/Documents/TP/TP-2018/blog/app/assets/config
  /home/ivan/Documents/TP/TP-2018/blog/app/assets/images
  /home/ivan/Documents/TP/TP-2018/blog/app/assets/javascripts
  /home/ivan/Documents/TP/TP-2018/blog/app/assets/stylesheets
  /home/ivan/Documents/TP/TP-2018/blog/vendor/assets/javascripts
  /home/ivan/Documents/TP/TP-2018/blog/vendor/assets/stylesheets
  /var/lib/gems/2.3.0/gems/jquery-rails-4.3.1/vendor/assets/javascripts
  /var/lib/gems/2.3.0/gems/coffee-rails-4.2.2/lib/assets/javascripts
  /var/lib/gems/2.3.0/gems/actioncable-5.0.7/lib/assets/compiled
  /var/lib/gems/2.3.0/gems/turbolinks-source-5.1.0/lib/assets/javascripts
  /var/lib/gems/2.3.0/gems/popper_js-1.12.9/assets/javascripts
  /var/lib/gems/2.3.0/gems/bootstrap-4.1.0/assets/stylesheets
  /var/lib/gems/2.3.0/gems/bootstrap-4.1.0/assets/javascripts):
    4:     <title>Blog</title>
    5:     <%= csrf_meta_tags %>
    6: 
    7:     <%= stylesheet_link_tag    'application', media: 'all', 'data-turbolinks-track': 'reload' %>
    8:     <%= javascript_include_tag 'application', 'data-turbolinks-track': 'reload' %>
    9:   </head>
   10: 
  
app/assets/stylesheets/application.scss:15
app/views/layouts/application.html.erb:7:in `_app_views_layouts_application_html_erb__1460791374946480835_69986359211300'
  Rendering /var/lib/gems/2.3.0/gems/actionpack-5.0.7/lib/action_dispatch/middleware/templates/rescues/template_error.html.erb within rescues/layout
  Rendering /var/lib/gems/2.3.0/gems/actionpack-5.0.7/lib/action_dispatch/middleware/templates/rescues/_source.html.erb
  Rendered /var/lib/gems/2.3.0/gems/actionpack-5.0.7/lib/action_dispatch/middleware/templates/rescues/_source.html.erb (11.1ms)
  Rendering /var/lib/gems/2.3.0/gems/actionpack-5.0.7/lib/action_dispatch/middleware/templates/rescues/_trace.html.erb
  Rendered /var/lib/gems/2.3.0/gems/actionpack-5.0.7/lib/action_dispatch/middleware/templates/rescues/_trace.html.erb (4.6ms)
  Rendering /var/lib/gems/2.3.0/gems/actionpack-5.0.7/lib/action_dispatch/middleware/templates/rescues/_request_and_response.html.erb
  Rendered /var/lib/gems/2.3.0/gems/actionpack-5.0.7/lib/action_dispatch/middleware/templates/rescues/_request_and_response.html.erb (1.6ms)
  Rendered /var/lib/gems/2.3.0/gems/actionpack-5.0.7/lib/action_dispatch/middleware/templates/rescues/template_error.html.erb within rescues/layout (44.8ms)
Started GET "/articles" for 127.0.0.1 at 2018-04-17 17:23:21 +0300
Processing by ArticlesController#index as HTML
  Rendering articles/index.html.erb within layouts/application
  [1m[36mArticle Load (0.5ms)[0m  [1m[34mSELECT "articles".* FROM "articles"[0m
  Rendered articles/index.html.erb within layouts/application (3.6ms)
Completed 500 Internal Server Error in 23ms (ActiveRecord: 0.5ms)


  
ActionView::Template::Error (couldn't find file 'jquery_ujs' with type 'text/css'
Checked in these paths: 
  /home/ivan/Documents/TP/TP-2018/blog/app/assets/config
  /home/ivan/Documents/TP/TP-2018/blog/app/assets/images
  /home/ivan/Documents/TP/TP-2018/blog/app/assets/javascripts
  /home/ivan/Documents/TP/TP-2018/blog/app/assets/stylesheets
  /home/ivan/Documents/TP/TP-2018/blog/vendor/assets/javascripts
  /home/ivan/Documents/TP/TP-2018/blog/vendor/assets/stylesheets
  /var/lib/gems/2.3.0/gems/jquery-rails-4.3.1/vendor/assets/javascripts
  /var/lib/gems/2.3.0/gems/coffee-rails-4.2.2/lib/assets/javascripts
  /var/lib/gems/2.3.0/gems/actioncable-5.0.7/lib/assets/compiled
  /var/lib/gems/2.3.0/gems/turbolinks-source-5.1.0/lib/assets/javascripts
  /var/lib/gems/2.3.0/gems/popper_js-1.12.9/assets/javascripts
  /var/lib/gems/2.3.0/gems/bootstrap-4.1.0/assets/stylesheets
  /var/lib/gems/2.3.0/gems/bootstrap-4.1.0/assets/javascripts):
    4:     <title>Blog</title>
    5:     <%= csrf_meta_tags %>
    6: 
    7:     <%= stylesheet_link_tag    'application', media: 'all', 'data-turbolinks-track': 'reload' %>
    8:     <%= javascript_include_tag 'application', 'data-turbolinks-track': 'reload' %>
    9:   </head>
   10: 
  
app/assets/stylesheets/application.scss:15
app/views/layouts/application.html.erb:7:in `_app_views_layouts_application_html_erb__1460791374946480835_69986325085600'
  Rendering /var/lib/gems/2.3.0/gems/actionpack-5.0.7/lib/action_dispatch/middleware/templates/rescues/template_error.html.erb within rescues/layout
  Rendering /var/lib/gems/2.3.0/gems/actionpack-5.0.7/lib/action_dispatch/middleware/templates/rescues/_source.html.erb
  Rendered /var/lib/gems/2.3.0/gems/actionpack-5.0.7/lib/action_dispatch/middleware/templates/rescues/_source.html.erb (12.8ms)
  Rendering /var/lib/gems/2.3.0/gems/actionpack-5.0.7/lib/action_dispatch/middleware/templates/rescues/_trace.html.erb
  Rendered /var/lib/gems/2.3.0/gems/actionpack-5.0.7/lib/action_dispatch/middleware/templates/rescues/_trace.html.erb (5.2ms)
  Rendering /var/lib/gems/2.3.0/gems/actionpack-5.0.7/lib/action_dispatch/middleware/templates/rescues/_request_and_response.html.erb
  Rendered /var/lib/gems/2.3.0/gems/actionpack-5.0.7/lib/action_dispatch/middleware/templates/rescues/_request_and_response.html.erb (2.0ms)
  Rendered /var/lib/gems/2.3.0/gems/actionpack-5.0.7/lib/action_dispatch/middleware/templates/rescues/template_error.html.erb within rescues/layout (47.8ms)
Started GET "/articles" for 127.0.0.1 at 2018-04-17 17:23:32 +0300
Processing by ArticlesController#index as HTML
  Rendering articles/index.html.erb within layouts/application
  [1m[36mArticle Load (0.8ms)[0m  [1m[34mSELECT "articles".* FROM "articles"[0m
  Rendered articles/index.html.erb within layouts/application (6.2ms)
Completed 500 Internal Server Error in 80ms (ActiveRecord: 0.8ms)


  
ActionView::Template::Error (File to import not found or unreadable: bootstrp.
Load paths:
  /home/ivan/Documents/TP/TP-2018/blog/app/assets/config
  /home/ivan/Documents/TP/TP-2018/blog/app/assets/images
  /home/ivan/Documents/TP/TP-2018/blog/app/assets/javascripts
  /home/ivan/Documents/TP/TP-2018/blog/app/assets/stylesheets
  /home/ivan/Documents/TP/TP-2018/blog/vendor/assets/javascripts
  /home/ivan/Documents/TP/TP-2018/blog/vendor/assets/stylesheets
  /var/lib/gems/2.3.0/gems/jquery-rails-4.3.1/vendor/assets/javascripts
  /var/lib/gems/2.3.0/gems/coffee-rails-4.2.2/lib/assets/javascripts
  /var/lib/gems/2.3.0/gems/actioncable-5.0.7/lib/assets/compiled
  /var/lib/gems/2.3.0/gems/turbolinks-source-5.1.0/lib/assets/javascripts
  /var/lib/gems/2.3.0/gems/popper_js-1.12.9/assets/javascripts
  /var/lib/gems/2.3.0/gems/bootstrap-4.1.0/assets/stylesheets
  /var/lib/gems/2.3.0/gems/bootstrap-4.1.0/assets/javascripts
  /var/lib/gems/2.3.0/gems/bootstrap-4.1.0/assets/stylesheets):
    4:     <title>Blog</title>
    5:     <%= csrf_meta_tags %>
    6: 
    7:     <%= stylesheet_link_tag    'application', media: 'all', 'data-turbolinks-track': 'reload' %>
    8:     <%= javascript_include_tag 'application', 'data-turbolinks-track': 'reload' %>
    9:   </head>
   10: 
  
app/assets/stylesheets/application.scss:17
app/views/layouts/application.html.erb:7:in `_app_views_layouts_application_html_erb__1460791374946480835_20987300'
  Rendering /var/lib/gems/2.3.0/gems/actionpack-5.0.7/lib/action_dispatch/middleware/templates/rescues/template_error.html.erb within rescues/layout
  Rendering /var/lib/gems/2.3.0/gems/actionpack-5.0.7/lib/action_dispatch/middleware/templates/rescues/_source.html.erb
  Rendered /var/lib/gems/2.3.0/gems/actionpack-5.0.7/lib/action_dispatch/middleware/templates/rescues/_source.html.erb (13.4ms)
  Rendering /var/lib/gems/2.3.0/gems/actionpack-5.0.7/lib/action_dispatch/middleware/templates/rescues/_trace.html.erb
  Rendered /var/lib/gems/2.3.0/gems/actionpack-5.0.7/lib/action_dispatch/middleware/templates/rescues/_trace.html.erb (5.1ms)
  Rendering /var/lib/gems/2.3.0/gems/actionpack-5.0.7/lib/action_dispatch/middleware/templates/rescues/_request_and_response.html.erb
  Rendered /var/lib/gems/2.3.0/gems/actionpack-5.0.7/lib/action_dispatch/middleware/templates/rescues/_request_and_response.html.erb (2.0ms)
  Rendered /var/lib/gems/2.3.0/gems/actionpack-5.0.7/lib/action_dispatch/middleware/templates/rescues/template_error.html.erb within rescues/layout (48.7ms)
Started GET "/articles" for 127.0.0.1 at 2018-04-17 17:23:49 +0300
Processing by ArticlesController#index as HTML
  Rendering articles/index.html.erb within layouts/application
  [1m[36mArticle Load (0.5ms)[0m  [1m[34mSELECT "articles".* FROM "articles"[0m
  Rendered articles/index.html.erb within layouts/application (4.8ms)
  Rendered layouts/_navbar.html.erb (0.8ms)
  Rendered layouts/_footer.html.erb (0.7ms)
Completed 200 OK in 79ms (Views: 75.6ms | ActiveRecord: 0.5ms)


Started GET "/articles" for 127.0.0.1 at 2018-04-17 17:26:55 +0300
Processing by ArticlesController#index as HTML
  Rendering articles/index.html.erb within layouts/application
  [1m[36mArticle Load (0.5ms)[0m  [1m[34mSELECT "articles".* FROM "articles"[0m
  Rendered articles/index.html.erb within layouts/application (3.7ms)
  Rendered layouts/_navbar.html.erb (0.9ms)
  Rendered layouts/_footer.html.erb (0.9ms)
Completed 200 OK in 78ms (Views: 65.8ms | ActiveRecord: 0.5ms)


Started GET "/articles" for 127.0.0.1 at 2018-04-17 17:26:56 +0300
Processing by ArticlesController#index as HTML
  Rendering articles/index.html.erb within layouts/application
  [1m[36mArticle Load (0.4ms)[0m  [1m[34mSELECT "articles".* FROM "articles"[0m
  Rendered articles/index.html.erb within layouts/application (3.2ms)
  Rendered layouts/_navbar.html.erb (0.8ms)
  Rendered layouts/_footer.html.erb (0.8ms)
Completed 200 OK in 70ms (Views: 66.9ms | ActiveRecord: 0.4ms)


Started GET "/articles" for 127.0.0.1 at 2018-04-17 17:26:56 +0300
Processing by ArticlesController#index as HTML
  Rendering articles/index.html.erb within layouts/application
  [1m[36mArticle Load (0.5ms)[0m  [1m[34mSELECT "articles".* FROM "articles"[0m
  Rendered articles/index.html.erb within layouts/application (4.0ms)
  Rendered layouts/_navbar.html.erb (0.8ms)
  Rendered layouts/_footer.html.erb (0.7ms)
Completed 200 OK in 65ms (Views: 61.5ms | ActiveRecord: 0.5ms)


Started GET "/articles" for 127.0.0.1 at 2018-04-17 17:26:57 +0300
Processing by ArticlesController#index as HTML
  Rendering articles/index.html.erb within layouts/application
  [1m[36mArticle Load (0.5ms)[0m  [1m[34mSELECT "articles".* FROM "articles"[0m
  Rendered articles/index.html.erb within layouts/application (3.7ms)
  Rendered layouts/_navbar.html.erb (0.8ms)
  Rendered layouts/_footer.html.erb (0.7ms)
Completed 200 OK in 67ms (Views: 63.4ms | ActiveRecord: 0.5ms)


Started GET "/articles" for 127.0.0.1 at 2018-04-17 17:26:57 +0300
Processing by ArticlesController#index as HTML
  Rendering articles/index.html.erb within layouts/application
  [1m[36mArticle Load (0.4ms)[0m  [1m[34mSELECT "articles".* FROM "articles"[0m
  Rendered articles/index.html.erb within layouts/application (3.7ms)
  Rendered layouts/_navbar.html.erb (0.9ms)
  Rendered layouts/_footer.html.erb (0.9ms)
Completed 200 OK in 74ms (Views: 70.9ms | ActiveRecord: 0.4ms)


Started GET "/articles" for 127.0.0.1 at 2018-04-17 17:27:41 +0300
Processing by ArticlesController#index as HTML
  Rendering articles/index.html.erb within layouts/application
  [1m[36mArticle Load (1.4ms)[0m  [1m[34mSELECT "articles".* FROM "articles"[0m
  Rendered articles/index.html.erb within layouts/application (5.6ms)
  Rendered layouts/_navbar.html.erb (0.9ms)
  Rendered layouts/_footer.html.erb (0.8ms)
Completed 200 OK in 531ms (Views: 526.3ms | ActiveRecord: 1.4ms)


Started GET "/articles" for 127.0.0.1 at 2018-04-17 17:28:41 +0300
Processing by ArticlesController#index as HTML
  Rendering articles/index.html.erb within layouts/application
  [1m[36mArticle Load (0.6ms)[0m  [1m[34mSELECT "articles".* FROM "articles"[0m
  Rendered articles/index.html.erb within layouts/application (3.6ms)
  Rendered layouts/_navbar.html.erb (0.7ms)
  Rendered layouts/_footer.html.erb (0.8ms)
Completed 200 OK in 112ms (Views: 108.6ms | ActiveRecord: 0.6ms)


Started GET "/articles" for 127.0.0.1 at 2018-04-17 17:28:42 +0300
Processing by ArticlesController#index as HTML
  Rendering articles/index.html.erb within layouts/application
  [1m[36mArticle Load (0.9ms)[0m  [1m[34mSELECT "articles".* FROM "articles"[0m
  Rendered articles/index.html.erb within layouts/application (4.6ms)
  Rendered layouts/_navbar.html.erb (1.2ms)
  Rendered layouts/_footer.html.erb (1.3ms)
Completed 200 OK in 141ms (Views: 137.7ms | ActiveRecord: 0.9ms)


Started GET "/articles" for 127.0.0.1 at 2018-04-17 17:28:49 +0300
Processing by ArticlesController#index as HTML
  Rendering articles/index.html.erb within layouts/application
  [1m[36mArticle Load (1.6ms)[0m  [1m[34mSELECT "articles".* FROM "articles"[0m
  Rendered articles/index.html.erb within layouts/application (6.4ms)
  Rendered layouts/_navbar.html.erb (1.3ms)
  Rendered layouts/_footer.html.erb (1.1ms)
Completed 200 OK in 161ms (Views: 156.3ms | ActiveRecord: 1.6ms)


Started GET "/articles2" for 127.0.0.1 at 2018-04-17 17:29:02 +0300
  
ActionController::RoutingError (No route matches [GET] "/articles2"):
  
actionpack (5.0.7) lib/action_dispatch/middleware/debug_exceptions.rb:53:in `call'
web-console (3.6.0) lib/web_console/middleware.rb:137:in `call_app'
web-console (3.6.0) lib/web_console/middleware.rb:30:in `block in call'
web-console (3.6.0) lib/web_console/middleware.rb:20:in `catch'
web-console (3.6.0) lib/web_console/middleware.rb:20:in `call'
actionpack (5.0.7) lib/action_dispatch/middleware/show_exceptions.rb:31:in `call'
railties (5.0.7) lib/rails/rack/logger.rb:36:in `call_app'
railties (5.0.7) lib/rails/rack/logger.rb:24:in `block in call'
activesupport (5.0.7) lib/active_support/tagged_logging.rb:69:in `block in tagged'
activesupport (5.0.7) lib/active_support/tagged_logging.rb:26:in `tagged'
activesupport (5.0.7) lib/active_support/tagged_logging.rb:69:in `tagged'
railties (5.0.7) lib/rails/rack/logger.rb:24:in `call'
sprockets-rails (3.2.1) lib/sprockets/rails/quiet_assets.rb:13:in `call'
actionpack (5.0.7) lib/action_dispatch/middleware/request_id.rb:24:in `call'
rack (2.0.4) lib/rack/method_override.rb:22:in `call'
rack (2.0.4) lib/rack/runtime.rb:22:in `call'
activesupport (5.0.7) lib/active_support/cache/strategy/local_cache_middleware.rb:28:in `call'
actionpack (5.0.7) lib/action_dispatch/middleware/executor.rb:12:in `call'
actionpack (5.0.7) lib/action_dispatch/middleware/static.rb:136:in `call'
rack (2.0.4) lib/rack/sendfile.rb:111:in `call'
railties (5.0.7) lib/rails/engine.rb:522:in `call'
puma (3.11.4) lib/puma/configuration.rb:225:in `call'
puma (3.11.4) lib/puma/server.rb:632:in `handle_request'
puma (3.11.4) lib/puma/server.rb:446:in `process_client'
puma (3.11.4) lib/puma/server.rb:306:in `block in run'
puma (3.11.4) lib/puma/thread_pool.rb:120:in `block in spawn_thread'
  Rendering /var/lib/gems/2.3.0/gems/actionpack-5.0.7/lib/action_dispatch/middleware/templates/rescues/routing_error.html.erb within rescues/layout
  Rendering /var/lib/gems/2.3.0/gems/actionpack-5.0.7/lib/action_dispatch/middleware/templates/rescues/_trace.html.erb
  Rendered /var/lib/gems/2.3.0/gems/actionpack-5.0.7/lib/action_dispatch/middleware/templates/rescues/_trace.html.erb (2.5ms)
  Rendered collection of /var/lib/gems/2.3.0/gems/actionpack-5.0.7/lib/action_dispatch/middleware/templates/routes/_route.html.erb [9 times] (8.3ms)
  Rendered /var/lib/gems/2.3.0/gems/actionpack-5.0.7/lib/action_dispatch/middleware/templates/routes/_table.html.erb (2.5ms)
  Rendering /var/lib/gems/2.3.0/gems/actionpack-5.0.7/lib/action_dispatch/middleware/templates/rescues/_request_and_response.html.erb
  Rendered /var/lib/gems/2.3.0/gems/actionpack-5.0.7/lib/action_dispatch/middleware/templates/rescues/_request_and_response.html.erb (2.5ms)
  Rendered /var/lib/gems/2.3.0/gems/actionpack-5.0.7/lib/action_dispatch/middleware/templates/rescues/routing_error.html.erb within rescues/layout (50.9ms)
Started GET "/articles/2" for 127.0.0.1 at 2018-04-17 17:29:06 +0300
Processing by ArticlesController#show as HTML
  Parameters: {"id"=>"2"}
  [1m[36mArticle Load (0.5ms)[0m  [1m[34mSELECT  "articles".* FROM "articles" WHERE "articles"."id" = ? LIMIT ?[0m  [["id", 2], ["LIMIT", 1]]
  Rendering articles/show.html.erb within layouts/application
  Rendered articles/show.html.erb within layouts/application (552.5ms)
Completed 500 Internal Server Error in 594ms (ActiveRecord: 0.5ms)


  
ActionView::Template::Error (undefined local variable or method `article' for #<#<Class:0x00000003a755c8>:0x007f4de68b3158>
Did you mean?  @article):
     5:     <%= image_tag @article.picture, class: "img-fluid" %>
     6:      </div>
     7:      <div class="col-sm-6">
     8:     <p> <%= article.body %> </p>
     9:     </div>
    10:     </div>
    11: </div>
  
app/views/articles/show.html.erb:8:in `_app_views_articles_show_html_erb___878453081923242244_69986278546840'
  Rendering /var/lib/gems/2.3.0/gems/actionpack-5.0.7/lib/action_dispatch/middleware/templates/rescues/template_error.html.erb within rescues/layout
  Rendering /var/lib/gems/2.3.0/gems/actionpack-5.0.7/lib/action_dispatch/middleware/templates/rescues/_source.html.erb
  Rendered /var/lib/gems/2.3.0/gems/actionpack-5.0.7/lib/action_dispatch/middleware/templates/rescues/_source.html.erb (11.2ms)
  Rendering /var/lib/gems/2.3.0/gems/actionpack-5.0.7/lib/action_dispatch/middleware/templates/rescues/_trace.html.erb
  Rendered /var/lib/gems/2.3.0/gems/actionpack-5.0.7/lib/action_dispatch/middleware/templates/rescues/_trace.html.erb (5.9ms)
  Rendering /var/lib/gems/2.3.0/gems/actionpack-5.0.7/lib/action_dispatch/middleware/templates/rescues/_request_and_response.html.erb
  Rendered /var/lib/gems/2.3.0/gems/actionpack-5.0.7/lib/action_dispatch/middleware/templates/rescues/_request_and_response.html.erb (2.9ms)
  Rendered /var/lib/gems/2.3.0/gems/actionpack-5.0.7/lib/action_dispatch/middleware/templates/rescues/template_error.html.erb within rescues/layout (49.0ms)
Started GET "/articles/2" for 127.0.0.1 at 2018-04-17 17:29:40 +0300
Processing by ArticlesController#show as HTML
  Parameters: {"id"=>"2"}
  [1m[36mArticle Load (0.7ms)[0m  [1m[34mSELECT  "articles".* FROM "articles" WHERE "articles"."id" = ? LIMIT ?[0m  [["id", 2], ["LIMIT", 1]]
  Rendering articles/show.html.erb within layouts/application
  Rendered articles/show.html.erb within layouts/application (2.8ms)
  Rendered layouts/_navbar.html.erb (0.9ms)
  Rendered layouts/_footer.html.erb (1.3ms)
Completed 200 OK in 197ms (Views: 190.9ms | ActiveRecord: 0.7ms)


